<?xml version="1.0" encoding="UTF-8"?>
<testsuite name="co.ceiba.service.NotifyPersonServiceTest" tests="1" skipped="0" failures="0" errors="0" timestamp="2018-06-08T18:37:38" hostname="BRAYAN-MORALES" time="0.001">
  <properties/>
  <testcase name="notifyTest" classname="co.ceiba.service.NotifyPersonServiceTest" time="0.001"/>
  <system-out><![CDATA[]]></system-out>
  <system-err><![CDATA[]]></system-err>
</testsuite>
