<?xml version="1.0" encoding="UTF-8"?>
<testsuite name="co.ceiba.service.NotifyPersonServiceTest" tests="1" skipped="0" failures="0" errors="0" timestamp="2018-06-08T18:44:33" hostname="BRAYAN-MORALES" time="0.006">
  <properties/>
  <testcase name="notifyTest" classname="co.ceiba.service.NotifyPersonServiceTest" time="0.006"/>
  <system-out><![CDATA[]]></system-out>
  <system-err><![CDATA[]]></system-err>
</testsuite>
